0 info it worked if it ends with ok
1 verbose cli [ '/usr/local/n/versions/node/6.4.0/bin/node',
1 verbose cli   '/usr/local/bin/npm',
1 verbose cli   'install' ]
2 info using npm@3.10.3
3 info using node@v6.4.0
4 silly loadCurrentTree Starting
5 silly install loadCurrentTree
6 silly install readLocalPackageData
7 silly install normalizeTree
8 silly loadCurrentTree Finishing
9 silly loadIdealTree Starting
10 silly install loadIdealTree
11 silly cloneCurrentTree Starting
12 silly install cloneCurrentTreeToIdealTree
13 silly cloneCurrentTree Finishing
14 silly loadShrinkwrap Starting
15 silly install loadShrinkwrap
16 silly loadShrinkwrap Finishing
17 silly loadAllDepsIntoIdealTree Starting
18 silly install loadAllDepsIntoIdealTree
19 silly loadAllDepsIntoIdealTree Finishing
20 silly loadIdealTree Finishing
21 silly currentTree starlight@0.1.9
21 silly currentTree ├── abbrev@1.0.9
21 silly currentTree ├── accepts@1.2.13
21 silly currentTree ├── acorn-jsx@3.0.1
21 silly currentTree ├── acorn@3.2.0
21 silly currentTree ├── align-text@0.1.4
21 silly currentTree ├── amdefine@1.0.1
21 silly currentTree ├── ansi-escapes@1.4.0
21 silly currentTree ├── ansi-regex@2.0.0
21 silly currentTree ├── ansi-styles@2.2.1
21 silly currentTree ├── ansicolors@0.3.2
21 silly currentTree ├── aproba@1.0.4
21 silly currentTree ├── archy@1.0.0
21 silly currentTree ├── are-we-there-yet@1.1.2
21 silly currentTree ├── argparse@1.0.9
21 silly currentTree ├── arr-diff@2.0.0
21 silly currentTree ├── arr-flatten@1.0.1
21 silly currentTree ├── array-differ@1.0.0
21 silly currentTree ├── array-find-index@1.0.2
21 silly currentTree ├── array-index@1.0.0
21 silly currentTree ├── array-union@1.0.2
21 silly currentTree ├── array-uniq@1.0.3
21 silly currentTree ├── array-unique@0.2.1
21 silly currentTree ├── arrify@1.0.1
21 silly currentTree ├── asap@2.0.5
21 silly currentTree ├── asn1@0.2.3
21 silly currentTree ├── assert-plus@0.2.0
21 silly currentTree ├── async-foreach@0.1.3
21 silly currentTree ├── async@2.1.4
21 silly currentTree ├── asynckit@0.4.0
21 silly currentTree ├── atob@1.1.3
21 silly currentTree ├── aws-sign2@0.6.0
21 silly currentTree ├── aws4@1.5.0
21 silly currentTree ├── balanced-match@0.4.2
21 silly currentTree ├── base64-url@1.3.3
21 silly currentTree ├── basic-auth-connect@1.0.0
21 silly currentTree ├── basic-auth@1.0.4
21 silly currentTree ├── batch@0.5.3
21 silly currentTree ├── bcrypt-pbkdf@1.0.0
21 silly currentTree ├── beeper@1.1.1
21 silly currentTree ├── bithound@1.7.0
21 silly currentTree ├── block-stream@0.0.9
21 silly currentTree ├── bluebird@3.4.6
21 silly currentTree ├─┬ body-parser@1.13.3
21 silly currentTree │ └── qs@4.0.0
21 silly currentTree ├── boom@2.10.1
21 silly currentTree ├── boxen@0.3.1
21 silly currentTree ├── brace-expansion@1.1.6
21 silly currentTree ├── braces@1.8.5
21 silly currentTree ├── buffer-shims@1.0.0
21 silly currentTree ├── bufferstreams@1.0.1
21 silly currentTree ├── builtin-modules@1.1.1
21 silly currentTree ├── builtins@0.0.7
21 silly currentTree ├── bytes@2.1.0
21 silly currentTree ├── cache-swap@0.2.3
21 silly currentTree ├── camelcase-keys@2.1.0
21 silly currentTree ├── camelcase@2.1.1
21 silly currentTree ├── capture-stack-trace@1.0.0
21 silly currentTree ├── caseless@0.11.0
21 silly currentTree ├── center-align@0.1.3
21 silly currentTree ├── chalk@1.1.3
21 silly currentTree ├─┬ clean-css@3.4.21
21 silly currentTree │ └── commander@2.8.1
21 silly currentTree ├── cli-cursor@1.0.2
21 silly currentTree ├── cli-width@2.1.0
21 silly currentTree ├── cli@1.0.1
21 silly currentTree ├─┬ clite@0.3.0
21 silly currentTree │ ├── configstore@2.1.0
21 silly currentTree │ ├── update-notifier@0.6.3
21 silly currentTree │ ├── uuid@2.0.3
21 silly currentTree │ ├── window-size@0.2.0
21 silly currentTree │ └── yargs@4.8.1
21 silly currentTree ├── cliui@3.2.0
21 silly currentTree ├── clone-buffer@1.0.0
21 silly currentTree ├── clone-stats@0.0.1
21 silly currentTree ├── clone@1.0.2
21 silly currentTree ├── cloneable-readable@1.0.0
21 silly currentTree ├── code-point-at@1.1.0
21 silly currentTree ├── combined-stream@1.0.5
21 silly currentTree ├── commander@2.9.0
21 silly currentTree ├── compressible@2.0.9
21 silly currentTree ├── compression@1.5.2
21 silly currentTree ├── concat-map@0.0.1
21 silly currentTree ├─┬ concat-with-sourcemaps@1.0.4
21 silly currentTree │ └── source-map@0.5.6
21 silly currentTree ├─┬ configstore@1.4.0
21 silly currentTree │ └── uuid@2.0.3
21 silly currentTree ├── connect-livereload@0.5.4
21 silly currentTree ├── connect-timeout@1.6.2
21 silly currentTree ├─┬ connect@2.30.2
21 silly currentTree │ └── qs@4.0.0
21 silly currentTree ├── console-browserify@1.1.0
21 silly currentTree ├── console-control-strings@1.1.0
21 silly currentTree ├── content-type@1.0.2
21 silly currentTree ├── convert-source-map@0.3.5
21 silly currentTree ├── cookie-parser@1.3.5
21 silly currentTree ├── cookie-signature@1.0.6
21 silly currentTree ├── cookie@0.1.3
21 silly currentTree ├── core-util-is@1.0.2
21 silly currentTree ├── crc@3.3.0
21 silly currentTree ├── create-error-class@3.0.2
21 silly currentTree ├─┬ cross-spawn@3.0.1
21 silly currentTree │ └── lru-cache@4.0.1
21 silly currentTree ├── cryptiles@2.0.5
21 silly currentTree ├── csrf@3.0.4
21 silly currentTree ├─┬ css@2.2.1
21 silly currentTree │ └── source-map@0.1.43
21 silly currentTree ├── csurf@1.8.3
21 silly currentTree ├── currently-unhandled@0.4.1
21 silly currentTree ├── d@0.1.1
21 silly currentTree ├─┬ dashdash@1.14.1
21 silly currentTree │ └── assert-plus@1.0.0
21 silly currentTree ├── date-now@0.1.4
21 silly currentTree ├── dateformat@1.0.12
21 silly currentTree ├── debug@2.2.0
21 silly currentTree ├── decamelize@1.2.0
21 silly currentTree ├── deep-extend@0.4.1
21 silly currentTree ├── defaults@1.0.3
21 silly currentTree ├── del@2.2.2
21 silly currentTree ├── delayed-stream@1.0.0
21 silly currentTree ├── delegates@1.0.0
21 silly currentTree ├── depd@1.0.1
21 silly currentTree ├── deprecated@0.0.1
21 silly currentTree ├── destroy@1.0.4
21 silly currentTree ├── detect-file@0.1.0
21 silly currentTree ├─┬ dom-serializer@0.1.0
21 silly currentTree │ ├── domelementtype@1.1.3
21 silly currentTree │ └── entities@1.1.1
21 silly currentTree ├── domelementtype@1.3.0
21 silly currentTree ├── domhandler@2.3.0
21 silly currentTree ├── domutils@1.5.1
21 silly currentTree ├── dot-prop@3.0.0
21 silly currentTree ├── duplexer@0.1.1
21 silly currentTree ├── duplexer2@0.0.2
21 silly currentTree ├─┬ duplexify@3.5.0
21 silly currentTree │ ├── end-of-stream@1.0.0
21 silly currentTree │ ├── isarray@1.0.0
21 silly currentTree │ ├── once@1.3.3
21 silly currentTree │ └── readable-stream@2.2.2
21 silly currentTree ├── ecc-jsbn@0.1.1
21 silly currentTree ├── ee-first@1.1.1
21 silly currentTree ├─┬ end-of-stream@0.1.5
21 silly currentTree │ └── once@1.3.3
21 silly currentTree ├── entities@1.0.0
21 silly currentTree ├── error-ex@1.3.0
21 silly currentTree ├─┬ errorhandler@1.4.3
21 silly currentTree │ ├── accepts@1.3.3
21 silly currentTree │ └── negotiator@0.6.1
21 silly currentTree ├── es5-ext@0.10.12
21 silly currentTree ├── es6-iterator@2.0.0
21 silly currentTree ├── es6-promise@3.3.1
21 silly currentTree ├── es6-symbol@3.1.0
21 silly currentTree ├── escape-html@1.0.3
21 silly currentTree ├── escape-string-regexp@1.0.5
21 silly currentTree ├── esprima@2.7.3
21 silly currentTree ├── estraverse@4.2.0
21 silly currentTree ├── etag@1.7.0
21 silly currentTree ├── event-stream@3.1.7
21 silly currentTree ├── exit-hook@1.1.1
21 silly currentTree ├── exit@0.1.2
21 silly currentTree ├── expand-brackets@0.1.5
21 silly currentTree ├── expand-range@1.8.2
21 silly currentTree ├── expand-tilde@1.2.2
21 silly currentTree ├─┬ express-session@1.11.3
21 silly currentTree │ ├── base64-url@1.2.1
21 silly currentTree │ └── uid-safe@2.0.0
21 silly currentTree ├── extend@3.0.0
21 silly currentTree ├── extglob@0.3.2
21 silly currentTree ├── extsprintf@1.0.2
21 silly currentTree ├── fancy-log@1.2.0
21 silly currentTree ├── faye-websocket@0.10.0
21 silly currentTree ├── figures@1.7.0
21 silly currentTree ├── filename-regex@2.0.0
21 silly currentTree ├── fill-range@2.2.3
21 silly currentTree ├── filled-array@1.1.0
21 silly currentTree ├─┬ finalhandler@0.4.0
21 silly currentTree │ └── escape-html@1.0.2
21 silly currentTree ├── find-index@0.1.1
21 silly currentTree ├── find-up@1.1.2
21 silly currentTree ├── findup-sync@0.4.3
21 silly currentTree ├── fined@1.0.2
21 silly currentTree ├── first-chunk-stream@1.0.0
21 silly currentTree ├── flagged-respawn@0.3.2
21 silly currentTree ├── for-in@0.1.6
21 silly currentTree ├── for-own@0.1.4
21 silly currentTree ├── forever-agent@0.6.1
21 silly currentTree ├── form-data@2.1.2
21 silly currentTree ├── fresh@0.3.0
21 silly currentTree ├── from@0.1.3
21 silly currentTree ├── fs-exists-sync@0.1.0
21 silly currentTree ├── fs.realpath@1.0.0
21 silly currentTree ├── fstream@1.0.10
21 silly currentTree ├── gauge@2.6.0
21 silly currentTree ├── gaze@0.5.2
21 silly currentTree ├── generate-function@2.0.0
21 silly currentTree ├── generate-object-property@1.2.0
21 silly currentTree ├── get-caller-file@1.0.2
21 silly currentTree ├── get-stdin@4.0.1
21 silly currentTree ├─┬ getpass@0.1.6
21 silly currentTree │ └── assert-plus@1.0.0
21 silly currentTree ├── git-origin-url@0.3.0
21 silly currentTree ├── git-rev-sync@1.8.0
21 silly currentTree ├── glob-base@0.3.0
21 silly currentTree ├── glob-parent@2.0.0
21 silly currentTree ├─┬ glob-stream@3.1.18
21 silly currentTree │ ├── glob@4.5.3
21 silly currentTree │ ├── minimatch@2.0.10
21 silly currentTree │ ├── readable-stream@1.0.34
21 silly currentTree │ └── through2@0.6.5
21 silly currentTree ├── glob-watcher@0.0.6
21 silly currentTree ├── glob@7.1.1
21 silly currentTree ├── glob2base@0.0.12
21 silly currentTree ├── global-modules@0.2.3
21 silly currentTree ├── global-prefix@0.1.4
21 silly currentTree ├── globby@5.0.0
21 silly currentTree ├─┬ globule@0.1.0
21 silly currentTree │ ├── glob@3.1.21
21 silly currentTree │ ├── graceful-fs@1.2.3
21 silly currentTree │ ├── inherits@1.0.2
21 silly currentTree │ ├── lodash@1.0.2
21 silly currentTree │ └── minimatch@0.2.14
21 silly currentTree ├── glogg@1.0.0
21 silly currentTree ├─┬ got@5.7.1
21 silly currentTree │ ├── duplexer2@0.1.4
21 silly currentTree │ ├── isarray@1.0.0
21 silly currentTree │ └── readable-stream@2.2.2
21 silly currentTree ├── graceful-fs@4.1.6
21 silly currentTree ├── graceful-readlink@1.0.1
21 silly currentTree ├─┬ gulp-add-src@0.2.0
21 silly currentTree │ ├── readable-stream@1.0.34
21 silly currentTree │ ├── through2@0.4.2
21 silly currentTree │ └── xtend@2.1.2
21 silly currentTree ├─┬ gulp-cache@0.4.5
21 silly currentTree │ ├── isarray@1.0.0
21 silly currentTree │ ├── readable-stream@2.2.2
21 silly currentTree │ └── vinyl@1.2.0
21 silly currentTree ├─┬ gulp-clean-css@2.0.13
21 silly currentTree │ ├── isarray@1.0.0
21 silly currentTree │ └── readable-stream@2.2.2
21 silly currentTree ├─┬ gulp-concat@2.6.1
21 silly currentTree │ ├── clone-stats@1.0.0
21 silly currentTree │ ├── replace-ext@1.0.0
21 silly currentTree │ └── vinyl@2.0.1
21 silly currentTree ├─┬ gulp-connect@5.0.0
21 silly currentTree │ ├── event-stream@3.3.4
21 silly currentTree │ └── split@0.3.3
21 silly currentTree ├── gulp-jshint@2.0.4
21 silly currentTree ├── gulp-newer@1.3.0
21 silly currentTree ├── gulp-plumber@1.1.0
21 silly currentTree ├─┬ gulp-purifycss@0.2.0
21 silly currentTree │ └── glob@5.0.15
21 silly currentTree ├── gulp-rename@1.2.2
21 silly currentTree ├── gulp-sass@2.3.2
21 silly currentTree ├─┬ gulp-size@2.1.0
21 silly currentTree │ └── stream-counter@1.0.0
21 silly currentTree ├── gulp-strip-css-comments@1.2.0
21 silly currentTree ├─┬ gulp-uglify@2.0.0
21 silly currentTree │ ├── async@0.2.10
21 silly currentTree │ ├── camelcase@1.2.1
21 silly currentTree │ ├── cliui@2.1.0
21 silly currentTree │ ├── source-map@0.5.6
21 silly currentTree │ ├── uglify-js@2.7.0
21 silly currentTree │ ├── window-size@0.1.0
21 silly currentTree │ └── yargs@3.10.0
21 silly currentTree ├─┬ gulp-util@3.0.7
21 silly currentTree │ └── object-assign@3.0.0
21 silly currentTree ├── gulp@3.9.1
21 silly currentTree ├── gulplog@1.0.0
21 silly currentTree ├── gzip-size@3.0.0
21 silly currentTree ├── har-validator@2.0.6
21 silly currentTree ├── has-ansi@2.0.0
21 silly currentTree ├── has-color@0.1.7
21 silly currentTree ├── has-gulplog@0.1.0
21 silly currentTree ├── has-unicode@2.0.1
21 silly currentTree ├─┬ hasbin@1.2.3
21 silly currentTree │ └── async@1.5.2
21 silly currentTree ├── hawk@3.1.3
21 silly currentTree ├── hoek@2.16.3
21 silly currentTree ├── hosted-git-info@2.1.5
21 silly currentTree ├── htmlparser2@3.8.3
21 silly currentTree ├── http-errors@1.3.1
21 silly currentTree ├── http-signature@1.1.1
21 silly currentTree ├── iconv-lite@0.4.11
21 silly currentTree ├── imurmurhash@0.1.4
21 silly currentTree ├── in-publish@2.0.0
21 silly currentTree ├── indent-string@2.1.0
21 silly currentTree ├── infinity-agent@2.0.3
21 silly currentTree ├── inflight@1.0.6
21 silly currentTree ├── inherits@2.0.3
21 silly currentTree ├── ini@1.3.4
21 silly currentTree ├── inquirer@1.0.3
21 silly currentTree ├── interpret@1.0.1
21 silly currentTree ├── invert-kv@1.0.0
21 silly currentTree ├── irregular-plurals@1.2.0
21 silly currentTree ├── is-absolute@0.2.6
21 silly currentTree ├── is-arrayish@0.2.1
21 silly currentTree ├── is-buffer@1.1.4
21 silly currentTree ├── is-builtin-module@1.0.0
21 silly currentTree ├── is-dotfile@1.0.2
21 silly currentTree ├── is-equal-shallow@0.1.3
21 silly currentTree ├── is-extendable@0.1.1
21 silly currentTree ├── is-extglob@1.0.0
21 silly currentTree ├── is-finite@1.0.2
21 silly currentTree ├── is-fullwidth-code-point@1.0.0
21 silly currentTree ├── is-glob@2.0.1
21 silly currentTree ├── is-my-json-valid@2.15.0
21 silly currentTree ├── is-npm@1.0.0
21 silly currentTree ├── is-number@2.1.0
21 silly currentTree ├── is-obj@1.0.1
21 silly currentTree ├── is-path-cwd@1.0.0
21 silly currentTree ├── is-path-in-cwd@1.0.0
21 silly currentTree ├── is-path-inside@1.0.0
21 silly currentTree ├── is-posix-bracket@0.1.1
21 silly currentTree ├── is-primitive@2.0.0
21 silly currentTree ├── is-promise@2.1.0
21 silly currentTree ├── is-property@1.0.2
21 silly currentTree ├── is-redirect@1.0.0
21 silly currentTree ├── is-regexp@1.0.0
21 silly currentTree ├── is-relative@0.2.1
21 silly currentTree ├── is-retry-allowed@1.1.0
21 silly currentTree ├── is-stream@1.1.0
21 silly currentTree ├── is-typedarray@1.0.0
21 silly currentTree ├── is-unc-path@0.1.1
21 silly currentTree ├── is-utf8@0.2.1
21 silly currentTree ├── is-windows@0.2.0
21 silly currentTree ├── isarray@0.0.1
21 silly currentTree ├── isexe@1.1.2
21 silly currentTree ├─┬ isobject@2.1.0
21 silly currentTree │ └── isarray@1.0.0
21 silly currentTree ├── isstream@0.1.2
21 silly currentTree ├── jodid25519@1.0.2
21 silly currentTree ├── js-yaml@3.7.0
21 silly currentTree ├── jsbn@0.1.0
21 silly currentTree ├── jshint-stylish@2.2.1
21 silly currentTree ├─┬ jshint@2.9.4
21 silly currentTree │ ├── lodash@3.7.0
21 silly currentTree │ └── shelljs@0.3.0
21 silly currentTree ├── json-schema@0.2.3
21 silly currentTree ├── json-stringify-safe@5.0.1
21 silly currentTree ├── jsonpointer@4.0.0
21 silly currentTree ├── jsprim@1.3.1
21 silly currentTree ├── kew@0.7.0
21 silly currentTree ├── kind-of@3.0.4
21 silly currentTree ├── latest-version@2.0.0
21 silly currentTree ├── lazy-cache@1.0.4
21 silly currentTree ├── lcid@1.0.0
21 silly currentTree ├── liftoff@2.3.0
21 silly currentTree ├── livereload-js@2.2.2
21 silly currentTree ├── load-json-file@1.1.0
21 silly currentTree ├── lodash._basecopy@3.0.1
21 silly currentTree ├── lodash._basetostring@3.0.1
21 silly currentTree ├── lodash._basevalues@3.0.0
21 silly currentTree ├── lodash._getnative@3.9.1
21 silly currentTree ├── lodash._isiterateecall@3.0.9
21 silly currentTree ├── lodash._reescape@3.0.0
21 silly currentTree ├── lodash._reevaluate@3.0.0
21 silly currentTree ├── lodash._reinterpolate@3.0.0
21 silly currentTree ├── lodash._root@3.0.1
21 silly currentTree ├── lodash.assign@4.2.0
21 silly currentTree ├── lodash.assignwith@4.2.0
21 silly currentTree ├── lodash.clonedeep@4.5.0
21 silly currentTree ├── lodash.defaults@4.2.0
21 silly currentTree ├── lodash.defaultsdeep@4.6.0
21 silly currentTree ├── lodash.escape@3.2.0
21 silly currentTree ├── lodash.isarguments@3.1.0
21 silly currentTree ├── lodash.isarray@3.0.4
21 silly currentTree ├── lodash.isempty@4.4.0
21 silly currentTree ├── lodash.isobject@3.0.2
21 silly currentTree ├── lodash.isplainobject@4.0.6
21 silly currentTree ├── lodash.isstring@4.0.1
21 silly currentTree ├── lodash.keys@3.1.2
21 silly currentTree ├── lodash.mapvalues@4.6.0
21 silly currentTree ├── lodash.merge@4.6.0
21 silly currentTree ├── lodash.mergewith@4.6.0
21 silly currentTree ├── lodash.pick@4.4.0
21 silly currentTree ├── lodash.restparam@3.6.1
21 silly currentTree ├── lodash.template@3.6.2
21 silly currentTree ├── lodash.templatesettings@3.1.1
21 silly currentTree ├── lodash@4.17.2
21 silly currentTree ├── log-symbols@1.0.2
21 silly currentTree ├── longest@1.0.1
21 silly currentTree ├── loud-rejection@1.6.0
21 silly currentTree ├── lowercase-keys@1.0.0
21 silly currentTree ├── lru-cache@2.7.3
21 silly currentTree ├── make-error-cause@1.2.2
21 silly currentTree ├── make-error@1.2.1
21 silly currentTree ├── map-cache@0.2.2
21 silly currentTree ├── map-obj@1.0.1
21 silly currentTree ├── map-stream@0.1.0
21 silly currentTree ├── media-typer@0.3.0
21 silly currentTree ├── meow@3.7.0
21 silly currentTree ├─┬ method-override@2.3.7
21 silly currentTree │ ├── debug@2.3.3
21 silly currentTree │ ├── ms@0.7.2
21 silly currentTree │ └── vary@1.1.0
21 silly currentTree ├── methods@1.1.2
21 silly currentTree ├── micromatch@2.3.11
21 silly currentTree ├── mime-db@1.25.0
21 silly currentTree ├── mime-types@2.1.13
21 silly currentTree ├── mime@1.3.4
21 silly currentTree ├── minimatch@3.0.3
21 silly currentTree ├── minimist@1.2.0
21 silly currentTree ├─┬ mkdirp@0.5.1
21 silly currentTree │ └── minimist@0.0.8
21 silly currentTree ├── morgan@1.6.1
21 silly currentTree ├── ms@0.7.1
21 silly currentTree ├── multiparty@3.3.2
21 silly currentTree ├── multipipe@0.1.2
21 silly currentTree ├── mute-stream@0.0.6
21 silly currentTree ├── nan@2.4.0
21 silly currentTree ├── natives@1.1.0
21 silly currentTree ├─┬ nconf@0.7.2
21 silly currentTree │ ├── async@0.9.2
21 silly currentTree │ ├── camelcase@1.2.1
21 silly currentTree │ ├── cliui@2.1.0
21 silly currentTree │ └── yargs@3.15.0
21 silly currentTree ├── negotiator@0.5.3
21 silly currentTree ├── nested-error-stacks@1.0.2
21 silly currentTree ├─┬ node-gyp@3.4.0
21 silly currentTree │ └── npmlog@3.1.2
21 silly currentTree ├─┬ node-sass@3.13.0
21 silly currentTree │ ├── gaze@1.1.2
21 silly currentTree │ ├── globule@1.1.0
21 silly currentTree │ └── lodash@4.16.6
21 silly currentTree ├── node-status-codes@1.0.0
21 silly currentTree ├── nopt@3.0.6
21 silly currentTree ├── normalize-package-data@2.3.5
21 silly currentTree ├── normalize-path@2.0.1
21 silly currentTree ├─┬ npmlog@4.0.1
21 silly currentTree │ └── gauge@2.7.1
21 silly currentTree ├── number-is-nan@1.0.1
21 silly currentTree ├── oauth-sign@0.8.2
21 silly currentTree ├── object-assign@4.1.0
21 silly currentTree ├── object-keys@0.4.0
21 silly currentTree ├── object.omit@2.0.1
21 silly currentTree ├── object.pick@1.2.0
21 silly currentTree ├── on-finished@2.3.0
21 silly currentTree ├── on-headers@1.0.1
21 silly currentTree ├── once@1.4.0
21 silly currentTree ├── onetime@1.1.0
21 silly currentTree ├── open@0.0.5
21 silly currentTree ├── orchestrator@0.3.8
21 silly currentTree ├── ordered-read-streams@0.1.0
21 silly currentTree ├── os-homedir@1.0.2
21 silly currentTree ├── os-locale@1.4.0
21 silly currentTree ├── os-name@1.0.3
21 silly currentTree ├── os-tmpdir@1.0.2
21 silly currentTree ├── osenv@0.1.3
21 silly currentTree ├── osx-release@1.1.0
21 silly currentTree ├─┬ package-json@2.4.0
21 silly currentTree │ └── semver@5.3.0
21 silly currentTree ├── parse-filepath@1.0.1
21 silly currentTree ├── parse-glob@3.0.4
21 silly currentTree ├── parse-json@2.2.0
21 silly currentTree ├── parseurl@1.3.1
21 silly currentTree ├── path-array@1.0.1
21 silly currentTree ├── path-exists@2.1.0
21 silly currentTree ├── path-is-absolute@1.0.1
21 silly currentTree ├── path-is-inside@1.0.2
21 silly currentTree ├── path-root-regex@0.1.2
21 silly currentTree ├── path-root@0.1.1
21 silly currentTree ├── path-type@1.1.0
21 silly currentTree ├── pause-stream@0.0.11
21 silly currentTree ├── pause@0.1.0
21 silly currentTree ├── pify@2.3.0
21 silly currentTree ├── pinkie-promise@2.0.1
21 silly currentTree ├── pinkie@2.0.4
21 silly currentTree ├── plur@2.1.2
21 silly currentTree ├── prepend-http@1.0.4
21 silly currentTree ├── preserve@0.2.0
21 silly currentTree ├── pretty-bytes@3.0.1
21 silly currentTree ├── pretty-hrtime@1.0.3
21 silly currentTree ├── process-nextick-args@1.0.7
21 silly currentTree ├── promise@7.1.1
21 silly currentTree ├── pseudomap@1.0.2
21 silly currentTree ├── punycode@1.4.1
21 silly currentTree ├─┬ purify-css@1.1.9
21 silly currentTree │ └── glob@6.0.4
21 silly currentTree ├── qs@6.3.0
21 silly currentTree ├── querystring@0.2.0
21 silly currentTree ├── random-bytes@1.0.0
21 silly currentTree ├── randomatic@1.1.5
21 silly currentTree ├── range-parser@1.0.3
21 silly currentTree ├─┬ raw-body@2.1.7
21 silly currentTree │ ├── bytes@2.4.0
21 silly currentTree │ └── iconv-lite@0.4.13
21 silly currentTree ├── rc@1.1.6
21 silly currentTree ├── rcfinder@0.1.9
21 silly currentTree ├── rcloader@0.2.2
21 silly currentTree ├─┬ read-all-stream@3.1.0
21 silly currentTree │ ├── isarray@1.0.0
21 silly currentTree │ └── readable-stream@2.2.2
21 silly currentTree ├── read-pkg-up@1.0.1
21 silly currentTree ├── read-pkg@1.1.0
21 silly currentTree ├── readable-stream@1.1.14
21 silly currentTree ├── rechoir@0.6.2
21 silly currentTree ├── redent@1.0.0
21 silly currentTree ├── regex-cache@0.4.3
21 silly currentTree ├── registry-auth-token@3.1.0
21 silly currentTree ├── registry-url@3.1.0
21 silly currentTree ├── remove-trailing-separator@1.0.1
21 silly currentTree ├── repeat-element@1.1.2
21 silly currentTree ├── repeat-string@1.6.1
21 silly currentTree ├── repeating@2.0.1
21 silly currentTree ├── replace-ext@0.0.1
21 silly currentTree ├── request@2.79.0
21 silly currentTree ├── require-directory@2.1.1
21 silly currentTree ├── require-main-filename@1.0.1
21 silly currentTree ├── resolve-dir@0.1.1
21 silly currentTree ├── resolve-url@0.2.1
21 silly currentTree ├── resolve@1.1.7
21 silly currentTree ├─┬ response-time@2.3.2
21 silly currentTree │ └── depd@1.1.0
21 silly currentTree ├── restore-cursor@1.0.1
21 silly currentTree ├── rework@1.0.1
21 silly currentTree ├── right-align@0.1.3
21 silly currentTree ├── rimraf@2.5.4
21 silly currentTree ├── rndm@1.2.0
21 silly currentTree ├── run-async@2.2.0
21 silly currentTree ├── run-sequence@1.2.2
21 silly currentTree ├── rx@4.1.0
21 silly currentTree ├─┬ sass-graph@2.1.2
21 silly currentTree │ ├── window-size@0.2.0
21 silly currentTree │ └── yargs@4.8.1
21 silly currentTree ├─┬ semver-diff@2.1.0
21 silly currentTree │ └── semver@5.3.0
21 silly currentTree ├── semver@4.3.6
21 silly currentTree ├─┬ send@0.13.2
21 silly currentTree │ ├── depd@1.1.0
21 silly currentTree │ └── statuses@1.2.1
21 silly currentTree ├── sequencify@0.0.7
21 silly currentTree ├─┬ serve-favicon@2.3.2
21 silly currentTree │ └── ms@0.7.2
21 silly currentTree ├── serve-index@1.7.3
21 silly currentTree ├── serve-static@1.10.3
21 silly currentTree ├── set-blocking@2.0.0
21 silly currentTree ├── shelljs@0.7.4
21 silly currentTree ├── sigmund@1.0.1
21 silly currentTree ├── signal-exit@3.0.1
21 silly currentTree ├── slide@1.1.6
21 silly currentTree ├── sntp@1.0.9
21 silly currentTree ├── snyk-config@1.0.1
21 silly currentTree ├── snyk-module@1.7.0
21 silly currentTree ├─┬ snyk-policy@1.5.2
21 silly currentTree │ └── semver@5.3.0
21 silly currentTree ├─┬ snyk-recursive-readdir@2.0.0
21 silly currentTree │ └── minimatch@3.0.2
21 silly currentTree ├─┬ snyk-resolve-deps@1.7.0
21 silly currentTree │ ├── lru-cache@4.0.1
21 silly currentTree │ └── semver@5.3.0
21 silly currentTree ├── snyk-resolve@1.0.0
21 silly currentTree ├── snyk-tree@1.0.0
21 silly currentTree ├─┬ snyk-try-require@1.1.1
21 silly currentTree │ └── lru-cache@4.0.1
21 silly currentTree ├─┬ snyk@1.20.0
21 silly currentTree │ ├── node-uuid@1.4.7
21 silly currentTree │ └── semver@5.3.0
21 silly currentTree ├── source-map-resolve@0.3.1
21 silly currentTree ├── source-map-url@0.3.0
21 silly currentTree ├── source-map@0.4.4
21 silly currentTree ├── sparkles@1.0.0
21 silly currentTree ├── spdx-correct@1.0.2
21 silly currentTree ├── spdx-expression-parse@1.0.4
21 silly currentTree ├── spdx-license-ids@1.2.2
21 silly currentTree ├── split@0.2.10
21 silly currentTree ├── sprintf-js@1.0.3
21 silly currentTree ├─┬ sshpk@1.10.1
21 silly currentTree │ └── assert-plus@1.0.0
21 silly currentTree ├── statuses@1.3.1
21 silly currentTree ├── stream-combiner@0.0.4
21 silly currentTree ├── stream-consume@0.1.0
21 silly currentTree ├── stream-counter@0.2.0
21 silly currentTree ├── stream-shift@1.0.0
21 silly currentTree ├─┬ streamqueue@0.1.3
21 silly currentTree │ └── readable-stream@1.0.34
21 silly currentTree ├── string_decoder@0.10.31
21 silly currentTree ├── string-length@1.0.1
21 silly currentTree ├── string-width@1.0.2
21 silly currentTree ├── stringstream@0.0.5
21 silly currentTree ├── strip-ansi@3.0.1
21 silly currentTree ├── strip-bom@2.0.0
21 silly currentTree ├── strip-css-comments@3.0.0
21 silly currentTree ├── strip-indent@1.0.1
21 silly currentTree ├── strip-json-comments@1.0.4
21 silly currentTree ├── supports-color@2.0.0
21 silly currentTree ├── tar@2.2.1
21 silly currentTree ├─┬ tempfile@1.1.1
21 silly currentTree │ └── uuid@2.0.3
21 silly currentTree ├── text-table@0.2.0
21 silly currentTree ├── then-fs@2.0.0
21 silly currentTree ├── through@2.3.8
21 silly currentTree ├─┬ through2@2.0.1
21 silly currentTree │ ├── isarray@1.0.0
21 silly currentTree │ └── readable-stream@2.0.6
21 silly currentTree ├── tildify@1.2.0
21 silly currentTree ├── time-stamp@1.0.1
21 silly currentTree ├── timed-out@3.0.0
21 silly currentTree ├─┬ tiny-lr@0.2.1
21 silly currentTree │ ├─┬ body-parser@1.14.2
21 silly currentTree │ │ └── qs@5.2.0
21 silly currentTree │ ├── bytes@2.2.0
21 silly currentTree │ ├── depd@1.1.0
21 silly currentTree │ ├── iconv-lite@0.4.13
21 silly currentTree │ └── qs@5.1.0
21 silly currentTree ├── tough-cookie@2.3.2
21 silly currentTree ├── trim-newlines@1.0.0
21 silly currentTree ├── try-json-parse@0.1.1
21 silly currentTree ├── tsscmp@1.0.5
21 silly currentTree ├── tunnel-agent@0.4.3
21 silly currentTree ├── tweetnacl@0.14.3
21 silly currentTree ├── type-is@1.6.14
21 silly currentTree ├── uglify-save-license@0.4.1
21 silly currentTree ├── uglify-to-browserify@1.0.2
21 silly currentTree ├─┬ uglifyjs@2.4.10
21 silly currentTree │ ├── async@0.2.10
21 silly currentTree │ ├── source-map@0.1.34
21 silly currentTree │ └── yargs@1.3.3
21 silly currentTree ├── uid-safe@2.1.3
21 silly currentTree ├── unc-path-regex@0.1.2
21 silly currentTree ├── undefsafe@0.0.3
21 silly currentTree ├── unique-stream@1.0.0
21 silly currentTree ├── unpipe@1.0.0
21 silly currentTree ├── unzip-response@1.0.2
21 silly currentTree ├─┬ update-notifier@0.5.0
21 silly currentTree │ ├── got@3.3.1
21 silly currentTree │ ├── latest-version@1.0.1
21 silly currentTree │ ├── object-assign@3.0.0
21 silly currentTree │ ├── package-json@1.2.0
21 silly currentTree │ ├── repeating@1.1.3
21 silly currentTree │ └── timed-out@2.0.0
21 silly currentTree ├── urix@0.1.0
21 silly currentTree ├── url-parse-lax@1.0.0
21 silly currentTree ├─┬ url@0.11.0
21 silly currentTree │ └── punycode@1.3.2
21 silly currentTree ├── user-home@1.1.1
21 silly currentTree ├── util-deprecate@1.0.2
21 silly currentTree ├── utils-merge@1.0.0
21 silly currentTree ├── uuid@3.0.0
21 silly currentTree ├── v8flags@2.0.11
21 silly currentTree ├── validate-npm-package-license@3.0.1
21 silly currentTree ├── validate-npm-package-name@2.2.2
21 silly currentTree ├── vary@1.0.1
21 silly currentTree ├── verror@1.3.6
21 silly currentTree ├── vhost@3.0.2
21 silly currentTree ├── vinyl-bufferstream@1.0.1
21 silly currentTree ├─┬ vinyl-fs@0.3.14
21 silly currentTree │ ├── clone@0.2.0
21 silly currentTree │ ├── graceful-fs@3.0.11
21 silly currentTree │ ├── readable-stream@1.0.34
21 silly currentTree │ ├── strip-bom@1.0.0
21 silly currentTree │ ├── through2@0.6.5
21 silly currentTree │ └── vinyl@0.4.6
21 silly currentTree ├─┬ vinyl-sourcemaps-apply@0.2.1
21 silly currentTree │ └── source-map@0.5.6
21 silly currentTree ├── vinyl@0.5.3
21 silly currentTree ├── websocket-driver@0.6.5
21 silly currentTree ├── websocket-extensions@0.1.1
21 silly currentTree ├── which-module@1.0.0
21 silly currentTree ├── which@1.2.12
21 silly currentTree ├── wide-align@1.1.0
21 silly currentTree ├── widest-line@1.0.0
21 silly currentTree ├─┬ win-release@1.1.1
21 silly currentTree │ └── semver@5.3.0
21 silly currentTree ├── window-size@0.1.4
21 silly currentTree ├── wordwrap@0.0.2
21 silly currentTree ├── wrap-ansi@2.0.0
21 silly currentTree ├── wrappy@1.0.2
21 silly currentTree ├── write-file-atomic@1.2.0
21 silly currentTree ├── xdg-basedir@2.0.0
21 silly currentTree ├── xsslint@0.1.3
21 silly currentTree ├── xtend@4.0.1
21 silly currentTree ├── y18n@3.2.1
21 silly currentTree ├── yallist@2.0.0
21 silly currentTree ├─┬ yargs-parser@2.4.1
21 silly currentTree │ └── camelcase@3.0.0
21 silly currentTree └── yargs@3.32.0
22 silly idealTree starlight@0.1.9
22 silly idealTree ├── abbrev@1.0.9
22 silly idealTree ├── accepts@1.2.13
22 silly idealTree ├── acorn-jsx@3.0.1
22 silly idealTree ├── acorn@3.2.0
22 silly idealTree ├── align-text@0.1.4
22 silly idealTree ├── amdefine@1.0.1
22 silly idealTree ├── ansi-escapes@1.4.0
22 silly idealTree ├── ansi-regex@2.0.0
22 silly idealTree ├── ansi-styles@2.2.1
22 silly idealTree ├── ansicolors@0.3.2
22 silly idealTree ├── aproba@1.0.4
22 silly idealTree ├── archy@1.0.0
22 silly idealTree ├── are-we-there-yet@1.1.2
22 silly idealTree ├── argparse@1.0.9
22 silly idealTree ├── arr-diff@2.0.0
22 silly idealTree ├── arr-flatten@1.0.1
22 silly idealTree ├── array-differ@1.0.0
22 silly idealTree ├── array-find-index@1.0.2
22 silly idealTree ├── array-index@1.0.0
22 silly idealTree ├── array-union@1.0.2
22 silly idealTree ├── array-uniq@1.0.3
22 silly idealTree ├── array-unique@0.2.1
22 silly idealTree ├── arrify@1.0.1
22 silly idealTree ├── asap@2.0.5
22 silly idealTree ├── asn1@0.2.3
22 silly idealTree ├── assert-plus@0.2.0
22 silly idealTree ├── async-foreach@0.1.3
22 silly idealTree ├── async@2.1.4
22 silly idealTree ├── asynckit@0.4.0
22 silly idealTree ├── atob@1.1.3
22 silly idealTree ├── aws-sign2@0.6.0
22 silly idealTree ├── aws4@1.5.0
22 silly idealTree ├── balanced-match@0.4.2
22 silly idealTree ├── base64-url@1.3.3
22 silly idealTree ├── basic-auth-connect@1.0.0
22 silly idealTree ├── basic-auth@1.0.4
22 silly idealTree ├── batch@0.5.3
22 silly idealTree ├── bcrypt-pbkdf@1.0.0
22 silly idealTree ├── beeper@1.1.1
22 silly idealTree ├── bithound@1.7.0
22 silly idealTree ├── block-stream@0.0.9
22 silly idealTree ├── bluebird@3.4.6
22 silly idealTree ├─┬ body-parser@1.13.3
22 silly idealTree │ └── qs@4.0.0
22 silly idealTree ├── boom@2.10.1
22 silly idealTree ├── boxen@0.3.1
22 silly idealTree ├── brace-expansion@1.1.6
22 silly idealTree ├── braces@1.8.5
22 silly idealTree ├── buffer-shims@1.0.0
22 silly idealTree ├── bufferstreams@1.0.1
22 silly idealTree ├── builtin-modules@1.1.1
22 silly idealTree ├── builtins@0.0.7
22 silly idealTree ├── bytes@2.1.0
22 silly idealTree ├── cache-swap@0.2.3
22 silly idealTree ├── camelcase-keys@2.1.0
22 silly idealTree ├── camelcase@2.1.1
22 silly idealTree ├── capture-stack-trace@1.0.0
22 silly idealTree ├── caseless@0.11.0
22 silly idealTree ├── center-align@0.1.3
22 silly idealTree ├── chalk@1.1.3
22 silly idealTree ├─┬ clean-css@3.4.21
22 silly idealTree │ └── commander@2.8.1
22 silly idealTree ├── cli-cursor@1.0.2
22 silly idealTree ├── cli-width@2.1.0
22 silly idealTree ├── cli@1.0.1
22 silly idealTree ├─┬ clite@0.3.0
22 silly idealTree │ ├── configstore@2.1.0
22 silly idealTree │ ├── update-notifier@0.6.3
22 silly idealTree │ ├── uuid@2.0.3
22 silly idealTree │ ├── window-size@0.2.0
22 silly idealTree │ └── yargs@4.8.1
22 silly idealTree ├── cliui@3.2.0
22 silly idealTree ├── clone-buffer@1.0.0
22 silly idealTree ├── clone-stats@0.0.1
22 silly idealTree ├── clone@1.0.2
22 silly idealTree ├── cloneable-readable@1.0.0
22 silly idealTree ├── code-point-at@1.1.0
22 silly idealTree ├── combined-stream@1.0.5
22 silly idealTree ├── commander@2.9.0
22 silly idealTree ├── compressible@2.0.9
22 silly idealTree ├── compression@1.5.2
22 silly idealTree ├── concat-map@0.0.1
22 silly idealTree ├─┬ concat-with-sourcemaps@1.0.4
22 silly idealTree │ └── source-map@0.5.6
22 silly idealTree ├─┬ configstore@1.4.0
22 silly idealTree │ └── uuid@2.0.3
22 silly idealTree ├── connect-livereload@0.5.4
22 silly idealTree ├── connect-timeout@1.6.2
22 silly idealTree ├─┬ connect@2.30.2
22 silly idealTree │ └── qs@4.0.0
22 silly idealTree ├── console-browserify@1.1.0
22 silly idealTree ├── console-control-strings@1.1.0
22 silly idealTree ├── content-type@1.0.2
22 silly idealTree ├── convert-source-map@0.3.5
22 silly idealTree ├── cookie-parser@1.3.5
22 silly idealTree ├── cookie-signature@1.0.6
22 silly idealTree ├── cookie@0.1.3
22 silly idealTree ├── core-util-is@1.0.2
22 silly idealTree ├── crc@3.3.0
22 silly idealTree ├── create-error-class@3.0.2
22 silly idealTree ├─┬ cross-spawn@3.0.1
22 silly idealTree │ └── lru-cache@4.0.1
22 silly idealTree ├── cryptiles@2.0.5
22 silly idealTree ├── csrf@3.0.4
22 silly idealTree ├─┬ css@2.2.1
22 silly idealTree │ └── source-map@0.1.43
22 silly idealTree ├── csurf@1.8.3
22 silly idealTree ├── currently-unhandled@0.4.1
22 silly idealTree ├── d@0.1.1
22 silly idealTree ├─┬ dashdash@1.14.1
22 silly idealTree │ └── assert-plus@1.0.0
22 silly idealTree ├── date-now@0.1.4
22 silly idealTree ├── dateformat@1.0.12
22 silly idealTree ├── debug@2.2.0
22 silly idealTree ├── decamelize@1.2.0
22 silly idealTree ├── deep-extend@0.4.1
22 silly idealTree ├── defaults@1.0.3
22 silly idealTree ├── del@2.2.2
22 silly idealTree ├── delayed-stream@1.0.0
22 silly idealTree ├── delegates@1.0.0
22 silly idealTree ├── depd@1.0.1
22 silly idealTree ├── deprecated@0.0.1
22 silly idealTree ├── destroy@1.0.4
22 silly idealTree ├── detect-file@0.1.0
22 silly idealTree ├─┬ dom-serializer@0.1.0
22 silly idealTree │ ├── domelementtype@1.1.3
22 silly idealTree │ └── entities@1.1.1
22 silly idealTree ├── domelementtype@1.3.0
22 silly idealTree ├── domhandler@2.3.0
22 silly idealTree ├── domutils@1.5.1
22 silly idealTree ├── dot-prop@3.0.0
22 silly idealTree ├── duplexer@0.1.1
22 silly idealTree ├── duplexer2@0.0.2
22 silly idealTree ├─┬ duplexify@3.5.0
22 silly idealTree │ ├── end-of-stream@1.0.0
22 silly idealTree │ ├── isarray@1.0.0
22 silly idealTree │ ├── once@1.3.3
22 silly idealTree │ └── readable-stream@2.2.2
22 silly idealTree ├── ecc-jsbn@0.1.1
22 silly idealTree ├── ee-first@1.1.1
22 silly idealTree ├─┬ end-of-stream@0.1.5
22 silly idealTree │ └── once@1.3.3
22 silly idealTree ├── entities@1.0.0
22 silly idealTree ├── error-ex@1.3.0
22 silly idealTree ├─┬ errorhandler@1.4.3
22 silly idealTree │ ├── accepts@1.3.3
22 silly idealTree │ └── negotiator@0.6.1
22 silly idealTree ├── es5-ext@0.10.12
22 silly idealTree ├── es6-iterator@2.0.0
22 silly idealTree ├── es6-promise@3.3.1
22 silly idealTree ├── es6-symbol@3.1.0
22 silly idealTree ├── escape-html@1.0.3
22 silly idealTree ├── escape-string-regexp@1.0.5
22 silly idealTree ├── esprima@2.7.3
22 silly idealTree ├── estraverse@4.2.0
22 silly idealTree ├── etag@1.7.0
22 silly idealTree ├── event-stream@3.1.7
22 silly idealTree ├── exit-hook@1.1.1
22 silly idealTree ├── exit@0.1.2
22 silly idealTree ├── expand-brackets@0.1.5
22 silly idealTree ├── expand-range@1.8.2
22 silly idealTree ├── expand-tilde@1.2.2
22 silly idealTree ├─┬ express-session@1.11.3
22 silly idealTree │ ├── base64-url@1.2.1
22 silly idealTree │ └── uid-safe@2.0.0
22 silly idealTree ├── extend@3.0.0
22 silly idealTree ├── extglob@0.3.2
22 silly idealTree ├── extsprintf@1.0.2
22 silly idealTree ├── fancy-log@1.2.0
22 silly idealTree ├── faye-websocket@0.10.0
22 silly idealTree ├── figures@1.7.0
22 silly idealTree ├── filename-regex@2.0.0
22 silly idealTree ├── fill-range@2.2.3
22 silly idealTree ├── filled-array@1.1.0
22 silly idealTree ├─┬ finalhandler@0.4.0
22 silly idealTree │ └── escape-html@1.0.2
22 silly idealTree ├── find-index@0.1.1
22 silly idealTree ├── find-up@1.1.2
22 silly idealTree ├── findup-sync@0.4.3
22 silly idealTree ├── fined@1.0.2
22 silly idealTree ├── first-chunk-stream@1.0.0
22 silly idealTree ├── flagged-respawn@0.3.2
22 silly idealTree ├── for-in@0.1.6
22 silly idealTree ├── for-own@0.1.4
22 silly idealTree ├── forever-agent@0.6.1
22 silly idealTree ├── form-data@2.1.2
22 silly idealTree ├── fresh@0.3.0
22 silly idealTree ├── from@0.1.3
22 silly idealTree ├── fs-exists-sync@0.1.0
22 silly idealTree ├── fs.realpath@1.0.0
22 silly idealTree ├── fstream@1.0.10
22 silly idealTree ├── gauge@2.6.0
22 silly idealTree ├── gaze@0.5.2
22 silly idealTree ├── generate-function@2.0.0
22 silly idealTree ├── generate-object-property@1.2.0
22 silly idealTree ├── get-caller-file@1.0.2
22 silly idealTree ├── get-stdin@4.0.1
22 silly idealTree ├─┬ getpass@0.1.6
22 silly idealTree │ └── assert-plus@1.0.0
22 silly idealTree ├── git-origin-url@0.3.0
22 silly idealTree ├── git-rev-sync@1.8.0
22 silly idealTree ├── glob-base@0.3.0
22 silly idealTree ├── glob-parent@2.0.0
22 silly idealTree ├─┬ glob-stream@3.1.18
22 silly idealTree │ ├── glob@4.5.3
22 silly idealTree │ ├── minimatch@2.0.10
22 silly idealTree │ ├── readable-stream@1.0.34
22 silly idealTree │ └── through2@0.6.5
22 silly idealTree ├── glob-watcher@0.0.6
22 silly idealTree ├── glob@7.1.1
22 silly idealTree ├── glob2base@0.0.12
22 silly idealTree ├── global-modules@0.2.3
22 silly idealTree ├── global-prefix@0.1.4
22 silly idealTree ├── globby@5.0.0
22 silly idealTree ├─┬ globule@0.1.0
22 silly idealTree │ ├── glob@3.1.21
22 silly idealTree │ ├── graceful-fs@1.2.3
22 silly idealTree │ ├── inherits@1.0.2
22 silly idealTree │ ├── lodash@1.0.2
22 silly idealTree │ └── minimatch@0.2.14
22 silly idealTree ├── glogg@1.0.0
22 silly idealTree ├─┬ got@5.7.1
22 silly idealTree │ ├── duplexer2@0.1.4
22 silly idealTree │ ├── isarray@1.0.0
22 silly idealTree │ └── readable-stream@2.2.2
22 silly idealTree ├── graceful-fs@4.1.6
22 silly idealTree ├── graceful-readlink@1.0.1
22 silly idealTree ├─┬ gulp-add-src@0.2.0
22 silly idealTree │ ├── readable-stream@1.0.34
22 silly idealTree │ ├── through2@0.4.2
22 silly idealTree │ └── xtend@2.1.2
22 silly idealTree ├─┬ gulp-cache@0.4.5
22 silly idealTree │ ├── isarray@1.0.0
22 silly idealTree │ ├── readable-stream@2.2.2
22 silly idealTree │ └── vinyl@1.2.0
22 silly idealTree ├─┬ gulp-clean-css@2.0.13
22 silly idealTree │ ├── isarray@1.0.0
22 silly idealTree │ └── readable-stream@2.2.2
22 silly idealTree ├─┬ gulp-concat@2.6.1
22 silly idealTree │ ├── clone-stats@1.0.0
22 silly idealTree │ ├── replace-ext@1.0.0
22 silly idealTree │ └── vinyl@2.0.1
22 silly idealTree ├─┬ gulp-connect@5.0.0
22 silly idealTree │ ├── event-stream@3.3.4
22 silly idealTree │ └── split@0.3.3
22 silly idealTree ├── gulp-jshint@2.0.4
22 silly idealTree ├── gulp-newer@1.3.0
22 silly idealTree ├── gulp-plumber@1.1.0
22 silly idealTree ├─┬ gulp-purifycss@0.2.0
22 silly idealTree │ └── glob@5.0.15
22 silly idealTree ├── gulp-rename@1.2.2
22 silly idealTree ├── gulp-sass@2.3.2
22 silly idealTree ├─┬ gulp-size@2.1.0
22 silly idealTree │ └── stream-counter@1.0.0
22 silly idealTree ├── gulp-strip-css-comments@1.2.0
22 silly idealTree ├─┬ gulp-uglify@2.0.0
22 silly idealTree │ ├── async@0.2.10
22 silly idealTree │ ├── camelcase@1.2.1
22 silly idealTree │ ├── cliui@2.1.0
22 silly idealTree │ ├── source-map@0.5.6
22 silly idealTree │ ├── uglify-js@2.7.0
22 silly idealTree │ ├── window-size@0.1.0
22 silly idealTree │ └── yargs@3.10.0
22 silly idealTree ├─┬ gulp-util@3.0.7
22 silly idealTree │ └── object-assign@3.0.0
22 silly idealTree ├── gulp@3.9.1
22 silly idealTree ├── gulplog@1.0.0
22 silly idealTree ├── gzip-size@3.0.0
22 silly idealTree ├── har-validator@2.0.6
22 silly idealTree ├── has-ansi@2.0.0
22 silly idealTree ├── has-color@0.1.7
22 silly idealTree ├── has-gulplog@0.1.0
22 silly idealTree ├── has-unicode@2.0.1
22 silly idealTree ├─┬ hasbin@1.2.3
22 silly idealTree │ └── async@1.5.2
22 silly idealTree ├── hawk@3.1.3
22 silly idealTree ├── hoek@2.16.3
22 silly idealTree ├── hosted-git-info@2.1.5
22 silly idealTree ├── htmlparser2@3.8.3
22 silly idealTree ├── http-errors@1.3.1
22 silly idealTree ├── http-signature@1.1.1
22 silly idealTree ├── iconv-lite@0.4.11
22 silly idealTree ├── imurmurhash@0.1.4
22 silly idealTree ├── in-publish@2.0.0
22 silly idealTree ├── indent-string@2.1.0
22 silly idealTree ├── infinity-agent@2.0.3
22 silly idealTree ├── inflight@1.0.6
22 silly idealTree ├── inherits@2.0.3
22 silly idealTree ├── ini@1.3.4
22 silly idealTree ├── inquirer@1.0.3
22 silly idealTree ├── interpret@1.0.1
22 silly idealTree ├── invert-kv@1.0.0
22 silly idealTree ├── irregular-plurals@1.2.0
22 silly idealTree ├── is-absolute@0.2.6
22 silly idealTree ├── is-arrayish@0.2.1
22 silly idealTree ├── is-buffer@1.1.4
22 silly idealTree ├── is-builtin-module@1.0.0
22 silly idealTree ├── is-dotfile@1.0.2
22 silly idealTree ├── is-equal-shallow@0.1.3
22 silly idealTree ├── is-extendable@0.1.1
22 silly idealTree ├── is-extglob@1.0.0
22 silly idealTree ├── is-finite@1.0.2
22 silly idealTree ├── is-fullwidth-code-point@1.0.0
22 silly idealTree ├── is-glob@2.0.1
22 silly idealTree ├── is-my-json-valid@2.15.0
22 silly idealTree ├── is-npm@1.0.0
22 silly idealTree ├── is-number@2.1.0
22 silly idealTree ├── is-obj@1.0.1
22 silly idealTree ├── is-path-cwd@1.0.0
22 silly idealTree ├── is-path-in-cwd@1.0.0
22 silly idealTree ├── is-path-inside@1.0.0
22 silly idealTree ├── is-posix-bracket@0.1.1
22 silly idealTree ├── is-primitive@2.0.0
22 silly idealTree ├── is-promise@2.1.0
22 silly idealTree ├── is-property@1.0.2
22 silly idealTree ├── is-redirect@1.0.0
22 silly idealTree ├── is-regexp@1.0.0
22 silly idealTree ├── is-relative@0.2.1
22 silly idealTree ├── is-retry-allowed@1.1.0
22 silly idealTree ├── is-stream@1.1.0
22 silly idealTree ├── is-typedarray@1.0.0
22 silly idealTree ├── is-unc-path@0.1.1
22 silly idealTree ├── is-utf8@0.2.1
22 silly idealTree ├── is-windows@0.2.0
22 silly idealTree ├── isarray@0.0.1
22 silly idealTree ├── isexe@1.1.2
22 silly idealTree ├─┬ isobject@2.1.0
22 silly idealTree │ └── isarray@1.0.0
22 silly idealTree ├── isstream@0.1.2
22 silly idealTree ├── jodid25519@1.0.2
22 silly idealTree ├── js-yaml@3.7.0
22 silly idealTree ├── jsbn@0.1.0
22 silly idealTree ├── jshint-stylish@2.2.1
22 silly idealTree ├─┬ jshint@2.9.4
22 silly idealTree │ ├── lodash@3.7.0
22 silly idealTree │ └── shelljs@0.3.0
22 silly idealTree ├── json-schema@0.2.3
22 silly idealTree ├── json-stringify-safe@5.0.1
22 silly idealTree ├── jsonpointer@4.0.0
22 silly idealTree ├── jsprim@1.3.1
22 silly idealTree ├── kew@0.7.0
22 silly idealTree ├── kind-of@3.0.4
22 silly idealTree ├── latest-version@2.0.0
22 silly idealTree ├── lazy-cache@1.0.4
22 silly idealTree ├── lcid@1.0.0
22 silly idealTree ├── liftoff@2.3.0
22 silly idealTree ├── livereload-js@2.2.2
22 silly idealTree ├── load-json-file@1.1.0
22 silly idealTree ├── lodash._basecopy@3.0.1
22 silly idealTree ├── lodash._basetostring@3.0.1
22 silly idealTree ├── lodash._basevalues@3.0.0
22 silly idealTree ├── lodash._getnative@3.9.1
22 silly idealTree ├── lodash._isiterateecall@3.0.9
22 silly idealTree ├── lodash._reescape@3.0.0
22 silly idealTree ├── lodash._reevaluate@3.0.0
22 silly idealTree ├── lodash._reinterpolate@3.0.0
22 silly idealTree ├── lodash._root@3.0.1
22 silly idealTree ├── lodash.assign@4.2.0
22 silly idealTree ├── lodash.assignwith@4.2.0
22 silly idealTree ├── lodash.clonedeep@4.5.0
22 silly idealTree ├── lodash.defaults@4.2.0
22 silly idealTree ├── lodash.defaultsdeep@4.6.0
22 silly idealTree ├── lodash.escape@3.2.0
22 silly idealTree ├── lodash.isarguments@3.1.0
22 silly idealTree ├── lodash.isarray@3.0.4
22 silly idealTree ├── lodash.isempty@4.4.0
22 silly idealTree ├── lodash.isobject@3.0.2
22 silly idealTree ├── lodash.isplainobject@4.0.6
22 silly idealTree ├── lodash.isstring@4.0.1
22 silly idealTree ├── lodash.keys@3.1.2
22 silly idealTree ├── lodash.mapvalues@4.6.0
22 silly idealTree ├── lodash.merge@4.6.0
22 silly idealTree ├── lodash.mergewith@4.6.0
22 silly idealTree ├── lodash.pick@4.4.0
22 silly idealTree ├── lodash.restparam@3.6.1
22 silly idealTree ├── lodash.template@3.6.2
22 silly idealTree ├── lodash.templatesettings@3.1.1
22 silly idealTree ├── lodash@4.17.2
22 silly idealTree ├── log-symbols@1.0.2
22 silly idealTree ├── longest@1.0.1
22 silly idealTree ├── loud-rejection@1.6.0
22 silly idealTree ├── lowercase-keys@1.0.0
22 silly idealTree ├── lru-cache@2.7.3
22 silly idealTree ├── make-error-cause@1.2.2
22 silly idealTree ├── make-error@1.2.1
22 silly idealTree ├── map-cache@0.2.2
22 silly idealTree ├── map-obj@1.0.1
22 silly idealTree ├── map-stream@0.1.0
22 silly idealTree ├── media-typer@0.3.0
22 silly idealTree ├── meow@3.7.0
22 silly idealTree ├─┬ method-override@2.3.7
22 silly idealTree │ ├── debug@2.3.3
22 silly idealTree │ ├── ms@0.7.2
22 silly idealTree │ └── vary@1.1.0
22 silly idealTree ├── methods@1.1.2
22 silly idealTree ├── micromatch@2.3.11
22 silly idealTree ├── mime-db@1.25.0
22 silly idealTree ├── mime-types@2.1.13
22 silly idealTree ├── mime@1.3.4
22 silly idealTree ├── minimatch@3.0.3
22 silly idealTree ├── minimist@1.2.0
22 silly idealTree ├─┬ mkdirp@0.5.1
22 silly idealTree │ └── minimist@0.0.8
22 silly idealTree ├── morgan@1.6.1
22 silly idealTree ├── ms@0.7.1
22 silly idealTree ├── multiparty@3.3.2
22 silly idealTree ├── multipipe@0.1.2
22 silly idealTree ├── mute-stream@0.0.6
22 silly idealTree ├── nan@2.4.0
22 silly idealTree ├── natives@1.1.0
22 silly idealTree ├─┬ nconf@0.7.2
22 silly idealTree │ ├── async@0.9.2
22 silly idealTree │ ├── camelcase@1.2.1
22 silly idealTree │ ├── cliui@2.1.0
22 silly idealTree │ └── yargs@3.15.0
22 silly idealTree ├── negotiator@0.5.3
22 silly idealTree ├── nested-error-stacks@1.0.2
22 silly idealTree ├─┬ node-gyp@3.4.0
22 silly idealTree │ └── npmlog@3.1.2
22 silly idealTree ├─┬ node-sass@3.13.0
22 silly idealTree │ ├── gaze@1.1.2
22 silly idealTree │ ├── globule@1.1.0
22 silly idealTree │ └── lodash@4.16.6
22 silly idealTree ├── node-status-codes@1.0.0
22 silly idealTree ├── nopt@3.0.6
22 silly idealTree ├── normalize-package-data@2.3.5
22 silly idealTree ├── normalize-path@2.0.1
22 silly idealTree ├─┬ npmlog@4.0.1
22 silly idealTree │ └── gauge@2.7.1
22 silly idealTree ├── number-is-nan@1.0.1
22 silly idealTree ├── oauth-sign@0.8.2
22 silly idealTree ├── object-assign@4.1.0
22 silly idealTree ├── object-keys@0.4.0
22 silly idealTree ├── object.omit@2.0.1
22 silly idealTree ├── object.pick@1.2.0
22 silly idealTree ├── on-finished@2.3.0
22 silly idealTree ├── on-headers@1.0.1
22 silly idealTree ├── once@1.4.0
22 silly idealTree ├── onetime@1.1.0
22 silly idealTree ├── open@0.0.5
22 silly idealTree ├── orchestrator@0.3.8
22 silly idealTree ├── ordered-read-streams@0.1.0
22 silly idealTree ├── os-homedir@1.0.2
22 silly idealTree ├── os-locale@1.4.0
22 silly idealTree ├── os-name@1.0.3
22 silly idealTree ├── os-tmpdir@1.0.2
22 silly idealTree ├── osenv@0.1.3
22 silly idealTree ├── osx-release@1.1.0
22 silly idealTree ├─┬ package-json@2.4.0
22 silly idealTree │ └── semver@5.3.0
22 silly idealTree ├── parse-filepath@1.0.1
22 silly idealTree ├── parse-glob@3.0.4
22 silly idealTree ├── parse-json@2.2.0
22 silly idealTree ├── parseurl@1.3.1
22 silly idealTree ├── path-array@1.0.1
22 silly idealTree ├── path-exists@2.1.0
22 silly idealTree ├── path-is-absolute@1.0.1
22 silly idealTree ├── path-is-inside@1.0.2
22 silly idealTree ├── path-root-regex@0.1.2
22 silly idealTree ├── path-root@0.1.1
22 silly idealTree ├── path-type@1.1.0
22 silly idealTree ├── pause-stream@0.0.11
22 silly idealTree ├── pause@0.1.0
22 silly idealTree ├── pify@2.3.0
22 silly idealTree ├── pinkie-promise@2.0.1
22 silly idealTree ├── pinkie@2.0.4
22 silly idealTree ├── plur@2.1.2
22 silly idealTree ├── prepend-http@1.0.4
22 silly idealTree ├── preserve@0.2.0
22 silly idealTree ├── pretty-bytes@3.0.1
22 silly idealTree ├── pretty-hrtime@1.0.3
22 silly idealTree ├── process-nextick-args@1.0.7
22 silly idealTree ├── promise@7.1.1
22 silly idealTree ├── pseudomap@1.0.2
22 silly idealTree ├── punycode@1.4.1
22 silly idealTree ├─┬ purify-css@1.1.9
22 silly idealTree │ └── glob@6.0.4
22 silly idealTree ├── qs@6.3.0
22 silly idealTree ├── querystring@0.2.0
22 silly idealTree ├── random-bytes@1.0.0
22 silly idealTree ├── randomatic@1.1.5
22 silly idealTree ├── range-parser@1.0.3
22 silly idealTree ├─┬ raw-body@2.1.7
22 silly idealTree │ ├── bytes@2.4.0
22 silly idealTree │ └── iconv-lite@0.4.13
22 silly idealTree ├── rc@1.1.6
22 silly idealTree ├── rcfinder@0.1.9
22 silly idealTree ├── rcloader@0.2.2
22 silly idealTree ├─┬ read-all-stream@3.1.0
22 silly idealTree │ ├── isarray@1.0.0
22 silly idealTree │ └── readable-stream@2.2.2
22 silly idealTree ├── read-pkg-up@1.0.1
22 silly idealTree ├── read-pkg@1.1.0
22 silly idealTree ├── readable-stream@1.1.14
22 silly idealTree ├── rechoir@0.6.2
22 silly idealTree ├── redent@1.0.0
22 silly idealTree ├── regex-cache@0.4.3
22 silly idealTree ├── registry-auth-token@3.1.0
22 silly idealTree ├── registry-url@3.1.0
22 silly idealTree ├── remove-trailing-separator@1.0.1
22 silly idealTree ├── repeat-element@1.1.2
22 silly idealTree ├── repeat-string@1.6.1
22 silly idealTree ├── repeating@2.0.1
22 silly idealTree ├── replace-ext@0.0.1
22 silly idealTree ├── request@2.79.0
22 silly idealTree ├── require-directory@2.1.1
22 silly idealTree ├── require-main-filename@1.0.1
22 silly idealTree ├── resolve-dir@0.1.1
22 silly idealTree ├── resolve-url@0.2.1
22 silly idealTree ├── resolve@1.1.7
22 silly idealTree ├─┬ response-time@2.3.2
22 silly idealTree │ └── depd@1.1.0
22 silly idealTree ├── restore-cursor@1.0.1
22 silly idealTree ├── rework@1.0.1
22 silly idealTree ├── right-align@0.1.3
22 silly idealTree ├── rimraf@2.5.4
22 silly idealTree ├── rndm@1.2.0
22 silly idealTree ├── run-async@2.2.0
22 silly idealTree ├── run-sequence@1.2.2
22 silly idealTree ├── rx@4.1.0
22 silly idealTree ├─┬ sass-graph@2.1.2
22 silly idealTree │ ├── window-size@0.2.0
22 silly idealTree │ └── yargs@4.8.1
22 silly idealTree ├─┬ semver-diff@2.1.0
22 silly idealTree │ └── semver@5.3.0
22 silly idealTree ├── semver@4.3.6
22 silly idealTree ├─┬ send@0.13.2
22 silly idealTree │ ├── depd@1.1.0
22 silly idealTree │ └── statuses@1.2.1
22 silly idealTree ├── sequencify@0.0.7
22 silly idealTree ├─┬ serve-favicon@2.3.2
22 silly idealTree │ └── ms@0.7.2
22 silly idealTree ├── serve-index@1.7.3
22 silly idealTree ├── serve-static@1.10.3
22 silly idealTree ├── set-blocking@2.0.0
22 silly idealTree ├── shelljs@0.7.4
22 silly idealTree ├── sigmund@1.0.1
22 silly idealTree ├── signal-exit@3.0.1
22 silly idealTree ├── slide@1.1.6
22 silly idealTree ├── sntp@1.0.9
22 silly idealTree ├── snyk-config@1.0.1
22 silly idealTree ├── snyk-module@1.7.0
22 silly idealTree ├─┬ snyk-policy@1.5.2
22 silly idealTree │ └── semver@5.3.0
22 silly idealTree ├─┬ snyk-recursive-readdir@2.0.0
22 silly idealTree │ └── minimatch@3.0.2
22 silly idealTree ├─┬ snyk-resolve-deps@1.7.0
22 silly idealTree │ ├── lru-cache@4.0.1
22 silly idealTree │ └── semver@5.3.0
22 silly idealTree ├── snyk-resolve@1.0.0
22 silly idealTree ├── snyk-tree@1.0.0
22 silly idealTree ├─┬ snyk-try-require@1.1.1
22 silly idealTree │ └── lru-cache@4.0.1
22 silly idealTree ├─┬ snyk@1.20.0
22 silly idealTree │ ├── node-uuid@1.4.7
22 silly idealTree │ └── semver@5.3.0
22 silly idealTree ├── source-map-resolve@0.3.1
22 silly idealTree ├── source-map-url@0.3.0
22 silly idealTree ├── source-map@0.4.4
22 silly idealTree ├── sparkles@1.0.0
22 silly idealTree ├── spdx-correct@1.0.2
22 silly idealTree ├── spdx-expression-parse@1.0.4
22 silly idealTree ├── spdx-license-ids@1.2.2
22 silly idealTree ├── split@0.2.10
22 silly idealTree ├── sprintf-js@1.0.3
22 silly idealTree ├─┬ sshpk@1.10.1
22 silly idealTree │ └── assert-plus@1.0.0
22 silly idealTree ├── statuses@1.3.1
22 silly idealTree ├── stream-combiner@0.0.4
22 silly idealTree ├── stream-consume@0.1.0
22 silly idealTree ├── stream-counter@0.2.0
22 silly idealTree ├── stream-shift@1.0.0
22 silly idealTree ├─┬ streamqueue@0.1.3
22 silly idealTree │ └── readable-stream@1.0.34
22 silly idealTree ├── string_decoder@0.10.31
22 silly idealTree ├── string-length@1.0.1
22 silly idealTree ├── string-width@1.0.2
22 silly idealTree ├── stringstream@0.0.5
22 silly idealTree ├── strip-ansi@3.0.1
22 silly idealTree ├── strip-bom@2.0.0
22 silly idealTree ├── strip-css-comments@3.0.0
22 silly idealTree ├── strip-indent@1.0.1
22 silly idealTree ├── strip-json-comments@1.0.4
22 silly idealTree ├── supports-color@2.0.0
22 silly idealTree ├── tar@2.2.1
22 silly idealTree ├─┬ tempfile@1.1.1
22 silly idealTree │ └── uuid@2.0.3
22 silly idealTree ├── text-table@0.2.0
22 silly idealTree ├── then-fs@2.0.0
22 silly idealTree ├── through@2.3.8
22 silly idealTree ├─┬ through2@2.0.1
22 silly idealTree │ ├── isarray@1.0.0
22 silly idealTree │ └── readable-stream@2.0.6
22 silly idealTree ├── tildify@1.2.0
22 silly idealTree ├── time-stamp@1.0.1
22 silly idealTree ├── timed-out@3.0.0
22 silly idealTree ├─┬ tiny-lr@0.2.1
22 silly idealTree │ ├─┬ body-parser@1.14.2
22 silly idealTree │ │ └── qs@5.2.0
22 silly idealTree │ ├── bytes@2.2.0
22 silly idealTree │ ├── depd@1.1.0
22 silly idealTree │ ├── iconv-lite@0.4.13
22 silly idealTree │ └── qs@5.1.0
22 silly idealTree ├── tough-cookie@2.3.2
22 silly idealTree ├── trim-newlines@1.0.0
22 silly idealTree ├── try-json-parse@0.1.1
22 silly idealTree ├── tsscmp@1.0.5
22 silly idealTree ├── tunnel-agent@0.4.3
22 silly idealTree ├── tweetnacl@0.14.3
22 silly idealTree ├── type-is@1.6.14
22 silly idealTree ├── uglify-save-license@0.4.1
22 silly idealTree ├── uglify-to-browserify@1.0.2
22 silly idealTree ├─┬ uglifyjs@2.4.10
22 silly idealTree │ ├── async@0.2.10
22 silly idealTree │ ├── source-map@0.1.34
22 silly idealTree │ └── yargs@1.3.3
22 silly idealTree ├── uid-safe@2.1.3
22 silly idealTree ├── unc-path-regex@0.1.2
22 silly idealTree ├── undefsafe@0.0.3
22 silly idealTree ├── unique-stream@1.0.0
22 silly idealTree ├── unpipe@1.0.0
22 silly idealTree ├── unzip-response@1.0.2
22 silly idealTree ├─┬ update-notifier@0.5.0
22 silly idealTree │ ├── got@3.3.1
22 silly idealTree │ ├── latest-version@1.0.1
22 silly idealTree │ ├── object-assign@3.0.0
22 silly idealTree │ ├── package-json@1.2.0
22 silly idealTree │ ├── repeating@1.1.3
22 silly idealTree │ └── timed-out@2.0.0
22 silly idealTree ├── urix@0.1.0
22 silly idealTree ├── url-parse-lax@1.0.0
22 silly idealTree ├─┬ url@0.11.0
22 silly idealTree │ └── punycode@1.3.2
22 silly idealTree ├── user-home@1.1.1
22 silly idealTree ├── util-deprecate@1.0.2
22 silly idealTree ├── utils-merge@1.0.0
22 silly idealTree ├── uuid@3.0.0
22 silly idealTree ├── v8flags@2.0.11
22 silly idealTree ├── validate-npm-package-license@3.0.1
22 silly idealTree ├── validate-npm-package-name@2.2.2
22 silly idealTree ├── vary@1.0.1
22 silly idealTree ├── verror@1.3.6
22 silly idealTree ├── vhost@3.0.2
22 silly idealTree ├── vinyl-bufferstream@1.0.1
22 silly idealTree ├─┬ vinyl-fs@0.3.14
22 silly idealTree │ ├── clone@0.2.0
22 silly idealTree │ ├── graceful-fs@3.0.11
22 silly idealTree │ ├── readable-stream@1.0.34
22 silly idealTree │ ├── strip-bom@1.0.0
22 silly idealTree │ ├── through2@0.6.5
22 silly idealTree │ └── vinyl@0.4.6
22 silly idealTree ├─┬ vinyl-sourcemaps-apply@0.2.1
22 silly idealTree │ └── source-map@0.5.6
22 silly idealTree ├── vinyl@0.5.3
22 silly idealTree ├── websocket-driver@0.6.5
22 silly idealTree ├── websocket-extensions@0.1.1
22 silly idealTree ├── which-module@1.0.0
22 silly idealTree ├── which@1.2.12
22 silly idealTree ├── wide-align@1.1.0
22 silly idealTree ├── widest-line@1.0.0
22 silly idealTree ├─┬ win-release@1.1.1
22 silly idealTree │ └── semver@5.3.0
22 silly idealTree ├── window-size@0.1.4
22 silly idealTree ├── wordwrap@0.0.2
22 silly idealTree ├── wrap-ansi@2.0.0
22 silly idealTree ├── wrappy@1.0.2
22 silly idealTree ├── write-file-atomic@1.2.0
22 silly idealTree ├── xdg-basedir@2.0.0
22 silly idealTree ├── xsslint@0.1.3
22 silly idealTree ├── xtend@4.0.1
22 silly idealTree ├── y18n@3.2.1
22 silly idealTree ├── yallist@2.0.0
22 silly idealTree ├─┬ yargs-parser@2.4.1
22 silly idealTree │ └── camelcase@3.0.0
22 silly idealTree └── yargs@3.32.0
23 silly generateActionsToTake Starting
24 silly install generateActionsToTake
25 silly generateActionsToTake Finishing
26 silly diffTrees action count 0
27 silly decomposeActions action count 0
28 silly executeActions Starting
29 silly install executeActions
30 silly doSerial global-install 0
31 silly doParallel fetch 0
32 verbose correctMkdir /home/kyle/.npm/_locks correctMkdir not in flight; initializing
33 verbose lock using /home/kyle/.npm/_locks/staging-6243988e49865a63.lock for /media/kyle/C/projects/codeking/new repo/node_modules/.staging
34 silly doParallel extract 0
35 silly doParallel preinstall 0
36 silly doReverseSerial remove 0
37 silly doSerial move 0
38 silly doSerial finalize 0
39 silly doSerial build 0
40 silly doSerial global-link 0
41 silly doParallel update-linked 0
42 silly doSerial install 0
43 silly doSerial postinstall 0
44 verbose unlock done using /home/kyle/.npm/_locks/staging-6243988e49865a63.lock for /media/kyle/C/projects/codeking/new repo/node_modules/.staging
45 silly executeActions Finishing
46 silly rollbackFailedOptional Starting
47 silly rollbackFailedOptional Finishing
48 silly runTopLevelLifecycles Starting
49 silly install runTopLevelLifecycles
50 silly preinstall starlight@0.1.9 /media/kyle/C/projects/codeking/new repo/starlight-c71c9245
51 info lifecycle starlight@0.1.9~preinstall: starlight@0.1.9
52 silly lifecycle starlight@0.1.9~preinstall: no script for preinstall, continuing
53 silly build starlight@0.1.9
54 info linkStuff starlight@0.1.9
55 silly linkStuff starlight@0.1.9 has /media/kyle/C/projects/codeking as its parent node_modules
56 verbose linkBins starlight@0.1.9
57 verbose linkMans starlight@0.1.9
58 silly install starlight@0.1.9 /media/kyle/C/projects/codeking/new repo/starlight-c71c9245
59 info lifecycle starlight@0.1.9~install: starlight@0.1.9
60 silly lifecycle starlight@0.1.9~install: no script for install, continuing
61 silly postinstall starlight@0.1.9 /media/kyle/C/projects/codeking/new repo/starlight-c71c9245
62 info lifecycle starlight@0.1.9~postinstall: starlight@0.1.9
63 silly lifecycle starlight@0.1.9~postinstall: no script for postinstall, continuing
64 silly prepublish starlight@0.1.9 /media/kyle/C/projects/codeking/new repo/starlight-c71c9245
65 info lifecycle starlight@0.1.9~prepublish: starlight@0.1.9
66 verbose lifecycle starlight@0.1.9~prepublish: unsafe-perm in lifecycle true
67 verbose lifecycle starlight@0.1.9~prepublish: PATH: /usr/local/lib/node_modules/npm/bin/node-gyp-bin:/media/kyle/C/projects/codeking/new repo/node_modules/.bin:/usr/local/n/versions/node/6.4.0/bin:/home/kyle/.rvm/gems/ruby-2.2.3/bin:/home/kyle/.rvm/gems/ruby-2.2.3@global/bin:/home/kyle/.rvm/rubies/ruby-2.2.3/bin:/home/kyle/.sdkman/candidates/grails/current/bin:/usr/local/heroku/bin:/usr/local/maven/bin:/usr/local/sbin:/usr/local/bin:/usr/sbin:/usr/bin:/sbin:/bin:/usr/games:/usr/local/games:/usr/local/maven/bin:/home/kyle/.rvm/bin:/home/kyle/.rvm/bin
68 verbose lifecycle starlight@0.1.9~prepublish: CWD: /media/kyle/C/projects/codeking/new repo
69 silly lifecycle starlight@0.1.9~prepublish: Args: [ '-c', 'npm run snyk-protect' ]
70 silly lifecycle starlight@0.1.9~prepublish: Returned: code: 1  signal: null
71 info lifecycle starlight@0.1.9~prepublish: Failed to exec prepublish script
72 warn starlight@0.1.9 No repository field.
73 warn starlight@0.1.9 No license field.
74 verbose stack Error: starlight@0.1.9 prepublish: `npm run snyk-protect`
74 verbose stack Exit status 1
74 verbose stack     at EventEmitter.<anonymous> (/usr/local/lib/node_modules/npm/lib/utils/lifecycle.js:242:16)
74 verbose stack     at emitTwo (events.js:106:13)
74 verbose stack     at EventEmitter.emit (events.js:191:7)
74 verbose stack     at ChildProcess.<anonymous> (/usr/local/lib/node_modules/npm/lib/utils/spawn.js:40:14)
74 verbose stack     at emitTwo (events.js:106:13)
74 verbose stack     at ChildProcess.emit (events.js:191:7)
74 verbose stack     at maybeClose (internal/child_process.js:852:16)
74 verbose stack     at Process.ChildProcess._handle.onexit (internal/child_process.js:215:5)
75 verbose pkgid starlight@0.1.9
76 verbose cwd /media/kyle/C/projects/codeking/new repo
77 error Linux 3.13.0-49-generic
78 error argv "/usr/local/n/versions/node/6.4.0/bin/node" "/usr/local/bin/npm" "install"
79 error node v6.4.0
80 error npm  v3.10.3
81 error code ELIFECYCLE
82 error starlight@0.1.9 prepublish: `npm run snyk-protect`
82 error Exit status 1
83 error Failed at the starlight@0.1.9 prepublish script 'npm run snyk-protect'.
83 error Make sure you have the latest version of node.js and npm installed.
83 error If you do, this is most likely a problem with the starlight package,
83 error not with npm itself.
83 error Tell the author that this fails on your system:
83 error     npm run snyk-protect
83 error You can get information on how to open an issue for this project with:
83 error     npm bugs starlight
83 error Or if that isn't available, you can get their info via:
83 error     npm owner ls starlight
83 error There is likely additional logging output above.
84 verbose exit [ 1, true ]
